<?xml version="1.0" encoding="UTF-8"?>
<testng-results skipped="0" failed="0" total="3" passed="3">
  <reporter-output>
  </reporter-output>
  <suite name="Default suite" duration-ms="110" started-at="2018-06-12T06:01:56Z" finished-at="2018-06-12T06:01:57Z">
    <groups>
    </groups>
    <test name="Default test" duration-ms="110" started-at="2018-06-12T06:01:56Z" finished-at="2018-06-12T06:01:57Z">
      <class name="TestPrarmeterized">
        <test-method status="PASS" signature="doLoginTest(java.lang.String, java.lang.String, java.lang.String)[pri:0, instance:TestPrarmeterized@629f0666]" name="doLoginTest" duration-ms="22" started-at="2018-06-12T11:31:57Z" data-provider="passingData" finished-at="2018-06-12T11:31:57Z">
          <params>
            <param index="0">
              <value>
                <![CDATA[rudransh]]>
              </value>
            </param>
            <param index="1">
              <value>
                <![CDATA[T1]]>
              </value>
            </param>
            <param index="2">
              <value>
                <![CDATA[Mozilla]]>
              </value>
            </param>
          </params>
          <reporter-output>
          </reporter-output>
        </test-method> <!-- doLoginTest -->
        <test-method status="PASS" signature="doLoginTest(java.lang.String, java.lang.String, java.lang.String)[pri:0, instance:TestPrarmeterized@629f0666]" name="doLoginTest" duration-ms="3" started-at="2018-06-12T11:31:57Z" data-provider="passingData" finished-at="2018-06-12T11:31:57Z">
          <params>
            <param index="0">
              <value>
                <![CDATA[Pochu]]>
              </value>
            </param>
            <param index="1">
              <value>
                <![CDATA[T2]]>
              </value>
            </param>
            <param index="2">
              <value>
                <![CDATA[Chrome]]>
              </value>
            </param>
          </params>
          <reporter-output>
          </reporter-output>
        </test-method> <!-- doLoginTest -->
        <test-method status="PASS" signature="doLoginTest(java.lang.String, java.lang.String, java.lang.String)[pri:0, instance:TestPrarmeterized@629f0666]" name="doLoginTest" duration-ms="1" started-at="2018-06-12T11:31:57Z" data-provider="passingData" finished-at="2018-06-12T11:31:57Z">
          <params>
            <param index="0">
              <value>
                <![CDATA[Pochua]]>
              </value>
            </param>
            <param index="1">
              <value>
                <![CDATA[T3]]>
              </value>
            </param>
            <param index="2">
              <value>
                <![CDATA[IE]]>
              </value>
            </param>
          </params>
          <reporter-output>
          </reporter-output>
        </test-method> <!-- doLoginTest -->
      </class> <!-- TestPrarmeterized -->
    </test> <!-- Default test -->
  </suite> <!-- Default suite -->
</testng-results>
