<?xml version="1.0" encoding="UTF-8"?>
<!-- Generated by org.testng.reporters.JUnitXMLReporter -->
<testsuite hostname="welcome-PC" name="Default test" tests="3" failures="0" timestamp="12 Jun 2018 06:38:49 GMT" time="0.127" errors="0">
  <testcase name="doLoginTest" time="0.027" classname="testCases.TestPrarmeterized"/>
  <testcase name="doLoginTest" time="0.03" classname="testCases.TestPrarmeterized"/>
  <testcase name="doLoginTest" time="0.032" classname="testCases.TestPrarmeterized"/>
</testsuite> <!-- Default test -->
