<?xml version="1.0" encoding="UTF-8"?>
<!-- Generated by org.testng.reporters.JUnitXMLReporter -->
<testsuite hostname="welcome-PC" name="ApplicationTest" tests="3" failures="0" timestamp="12 Jun 2018 06:19:44 GMT" time="0.188" errors="0">
  <testcase name="dologinTest" time="0.001" classname="testCases.ApplicationTest"/>
  <testcase name="doPasswordChangeTest" time="0.002" classname="testCases.ApplicationTest"/>
  <testcase name="logOutTest" time="0.001" classname="testCases.ApplicationTest"/>
</testsuite> <!-- ApplicationTest -->
