<?xml version="1.0" encoding="UTF-8"?>
<!-- Generated by org.testng.reporters.JUnitXMLReporter -->
<testsuite hostname="welcome-PC" name="ApplicationTest" tests="3" failures="0" timestamp="12 Jun 2018 06:28:25 GMT" time="0.088" errors="0">
  <testcase name="dologinTest" time="0.01" classname="testCases.ApplicationTest"/>
  <testcase name="doPasswordChangeTest" time="0.001" classname="testCases.ApplicationTest"/>
  <testcase name="logOutTest" time="0.003" classname="testCases.ApplicationTest"/>
</testsuite> <!-- ApplicationTest -->
