<?xml version="1.0" encoding="UTF-8"?>
<!-- Generated by org.testng.reporters.JUnitXMLReporter -->
<testsuite hostname="welcome-PC" name="RegisterTest" tests="1" failures="1" timestamp="12 Jun 2018 06:28:25 GMT" time="0.076" errors="0">
  <testcase name="registerTest" time="0.004" classname="testCases.RegisterTest">
    <failure type="java.lang.AssertionError" message="expected [xxxxxxx] but found [yyyyyyy]">
      <![CDATA[java.lang.AssertionError: expected [xxxxxxx] but found [yyyyyyy]
	at testCases.RegisterTest.registerTest(RegisterTest.java:13)
... Removed 30 stack frames]]>
    </failure>
  </testcase> <!-- registerTest -->
</testsuite> <!-- RegisterTest -->
