<?xml version="1.0" encoding="UTF-8"?>
<!-- Generated by org.testng.reporters.JUnitXMLReporter -->
<testsuite hostname="welcome-PC" name="TestPrarmeterized" tests="3" failures="0" timestamp="12 Jun 2018 06:28:25 GMT" time="0.011" errors="0">
  <testcase name="doLoginTest" time="0.001" classname="testCases.TestPrarmeterized"/>
  <testcase name="doLoginTest" time="0.001" classname="testCases.TestPrarmeterized"/>
  <testcase name="doLoginTest" time="0.001" classname="testCases.TestPrarmeterized"/>
</testsuite> <!-- TestPrarmeterized -->
